#
# A fatal error has been detected by the Java Runtime Environment:
#
#  EXCEPTION_ACCESS_VIOLATION (0xc0000005) at pc=0x0000000059a05c1e, pid=10072, tid=9284
#
# JRE version: 7.0_21-b11
# Java VM: Java HotSpot(TM) 64-Bit Server VM (23.21-b01 mixed mode windows-amd64 compressed oops)
# Problematic frame:
# C  [nvoglv64.DLL+0x6f5c1e]
#
# Failed to write core dump. Minidumps are not enabled by default on client versions of Windows
#
# If you would like to submit a bug report, please visit:
#   http://bugreport.sun.com/bugreport/crash.jsp
# The crash happened outside the Java Virtual Machine in native code.
# See problematic frame for where to report the bug.
#

---------------  T H R E A D  ---------------

Current thread (0x000000000d549000):  JavaThread "AWT-EventQueue-0" [_thread_in_native, id=9284, stack(0x000000000dd50000,0x000000000de50000)]

siginfo: ExceptionCode=0xc0000005, reading address 0x0000000000000000

Registers:
RAX=0x0000000000000000, RBX=0x00000000096f0000, RCX=0x0000000000000000, RDX=0x00000000097652e0
RSP=0x000000000de4d180, RBP=0x0000000000000002, RSI=0x0000000000000000, RDI=0x0000000002436300
R8 =0x0000000000000002, R9 =0x00000000097652c8, R10=0x0000000000000000, R11=0x0000000063d63570
R12=0x0000000000000000, R13=0x00000000bb5606b8, R14=0x000000000de4d308, R15=0x000000000d549000
RIP=0x0000000059a05c1e, EFLAGS=0x0000000000010202

Top of Stack: (sp=0x000000000de4d180)
0x000000000de4d180:   000000000de4d2b8 0000000000000000
0x000000000de4d190:   000000000d549000 0000000000000002
0x000000000de4d1a0:   000000000d5eb470 0000000063c1dd86
0x000000000de4d1b0:   000000000de4de00 0000000000000000
0x000000000de4d1c0:   0000000000000000 0000000000000002
0x000000000de4d1d0:   0000000000000002 000000000d549000
0x000000000de4d1e0:   000000000de4d308 00000000bb5606b8
0x000000000de4d1f0:   0000000002436374 0000000000000000
0x000000000de4d200:   0000000000000002 000000000de4d2b8
0x000000000de4d210:   00000000bb5606b8 00000000024423a8
0x000000000de4d220:   0000000000000002 0000000000000000
0x000000000de4d230:   000000000a37a400 000000000a37a400
0x000000000de4d240:   0000000000000000 0000000000000000
0x000000000de4d250:   00000000597efd40 000000000a37a4a0
0x000000000de4d260:   000000000a37a4b0 000000000a33b9a0
0x000000000de4d270:   000000000d549000 000000000de4d278 

Instructions: (pc=0x0000000059a05c1e)
0x0000000059a05bfe:   89 4c 24 40 eb 1a 66 66 66 66 0f 1f 84 00 00 00
0x0000000059a05c0e:   00 00 48 8d 93 e0 52 07 00 4c 8d 8b c8 52 07 00
0x0000000059a05c1e:   8b 01 85 c0 0f 84 e3 02 00 00 41 3b c2 0f 85 6c
0x0000000059a05c2e:   01 00 00 48 8b ab c0 52 07 00 4d 8b 21 45 33 f6 


Register to memory mapping:

RAX=0x0000000000000000 is an unknown value
RBX=0x00000000096f0000 is pointing into the stack for thread: 0x000000000871f800
RCX=0x0000000000000000 is an unknown value
RDX=0x00000000097652e0 is an unknown value
RSP=0x000000000de4d180 is pointing into the stack for thread: 0x000000000d549000
RBP=0x0000000000000002 is an unknown value
RSI=0x0000000000000000 is an unknown value
RDI=0x0000000002436300 is an Interpreter codelet
return entry points  [0x0000000002435820, 0x0000000002437620]  7680 bytes
R8 =0x0000000000000002 is an unknown value
R9 =0x00000000097652c8 is an unknown value
R10=0x0000000000000000 is an unknown value
R11=0x0000000063d63570 is an unknown value
R12=0x0000000000000000 is an unknown value
R13=0x00000000bb5606b8 is an oop
{method} 
 - klass: {other class}
R14=0x000000000de4d308 is pointing into the stack for thread: 0x000000000d549000
R15=0x000000000d549000 is a thread


Stack: [0x000000000dd50000,0x000000000de50000],  sp=0x000000000de4d180,  free space=1012k
Native frames: (J=compiled Java code, j=interpreted, Vv=VM code, C=native code)
C  [nvoglv64.DLL+0x6f5c1e]

Java frames: (J=compiled Java code, j=interpreted, Vv=VM code)
j  jogamp.opengl.gl4.GL4bcImpl.dispatch_glDeleteFramebuffers1(ILjava/lang/Object;IZJ)V+0
j  jogamp.opengl.gl4.GL4bcImpl.glDeleteFramebuffers(I[II)V+95
j  depthPeeling.depthPeelingGL3.DepthPeelingGL3.deleteDepthPeelingRenderTargets(Ljavax/media/opengl/GL3;)V+7
j  depthPeeling.depthPeelingGL3.DepthPeelingGL3.reshape(Ljavax/media/opengl/GLAutoDrawable;IIII)V+54
j  jogamp.opengl.GLDrawableHelper.reshape(Ljavax/media/opengl/GLEventListener;Ljavax/media/opengl/GLAutoDrawable;IIIIZZ)V+77
j  jogamp.opengl.GLDrawableHelper.reshape(Ljavax/media/opengl/GLAutoDrawable;IIII)V+55
j  javax.media.opengl.awt.GLCanvas$7.run()V+95
j  jogamp.opengl.GLDrawableHelper.invokeGLImpl(Ljavax/media/opengl/GLDrawable;Ljavax/media/opengl/GLContext;Ljava/lang/Runnable;Ljava/lang/Runnable;)V+206
j  jogamp.opengl.GLDrawableHelper.invokeGL(Ljavax/media/opengl/GLDrawable;Ljavax/media/opengl/GLContext;Ljava/lang/Runnable;Ljava/lang/Runnable;)V+80
j  javax.media.opengl.awt.GLCanvas$8.run()V+73
j  javax.media.opengl.Threading.invoke(ZLjava/lang/Runnable;Ljava/lang/Object;)V+33
j  javax.media.opengl.awt.GLCanvas.display()V+57
j  javax.media.opengl.awt.GLCanvas.paint(Ljava/awt/Graphics;)V+137
j  sun.awt.RepaintArea.paintComponent(Ljava/awt/Component;Ljava/awt/Graphics;)V+6
j  sun.awt.RepaintArea.paint(Ljava/lang/Object;Z)V+326
j  sun.awt.windows.WComponentPeer.handleEvent(Ljava/awt/AWTEvent;)V+155
j  java.awt.Component.dispatchEventImpl(Ljava/awt/AWTEvent;)V+869
j  java.awt.Component.dispatchEvent(Ljava/awt/AWTEvent;)V+2
j  java.awt.EventQueue.dispatchEventImpl(Ljava/awt/AWTEvent;Ljava/lang/Object;)V+41
j  java.awt.EventQueue.access$200(Ljava/awt/EventQueue;Ljava/awt/AWTEvent;Ljava/lang/Object;)V+3
j  java.awt.EventQueue$3.run()Ljava/lang/Void;+12
j  java.awt.EventQueue$3.run()Ljava/lang/Object;+1
v  ~StubRoutines::call_stub
j  java.security.AccessController.doPrivileged(Ljava/security/PrivilegedAction;Ljava/security/AccessControlContext;)Ljava/lang/Object;+0
j  java.security.ProtectionDomain$1.doIntersectionPrivilege(Ljava/security/PrivilegedAction;Ljava/security/AccessControlContext;Ljava/security/AccessControlContext;)Ljava/lang/Object;+28
j  java.security.ProtectionDomain$1.doIntersectionPrivilege(Ljava/security/PrivilegedAction;Ljava/security/AccessControlContext;)Ljava/lang/Object;+6
j  java.awt.EventQueue$4.run()Ljava/lang/Void;+11
j  java.awt.EventQueue$4.run()Ljava/lang/Object;+1
v  ~StubRoutines::call_stub
j  java.security.AccessController.doPrivileged(Ljava/security/PrivilegedAction;Ljava/security/AccessControlContext;)Ljava/lang/Object;+0
j  java.security.ProtectionDomain$1.doIntersectionPrivilege(Ljava/security/PrivilegedAction;Ljava/security/AccessControlContext;Ljava/security/AccessControlContext;)Ljava/lang/Object;+28
j  java.awt.EventQueue.dispatchEvent(Ljava/awt/AWTEvent;)V+73
j  java.awt.EventDispatchThread.pumpOneEventForFilters(I)V+245
j  java.awt.EventDispatchThread.pumpEventsForFilter(ILjava/awt/Conditional;Ljava/awt/EventFilter;)V+35
j  java.awt.EventDispatchThread.pumpEventsForHierarchy(ILjava/awt/Conditional;Ljava/awt/Component;)V+11
j  java.awt.EventDispatchThread.pumpEvents(ILjava/awt/Conditional;)V+4
j  java.awt.EventDispatchThread.pumpEvents(Ljava/awt/Conditional;)V+3
j  java.awt.EventDispatchThread.run()V+9
v  ~StubRoutines::call_stub

---------------  P R O C E S S  ---------------

Java Threads: ( => current thread )
  0x000000000d573800 JavaThread "D3D Screen Updater" daemon [_thread_blocked, id=10652, stack(0x0000000012060000,0x0000000012160000)]
  0x000000000225e000 JavaThread "DestroyJavaVM" [_thread_blocked, id=5828, stack(0x0000000002330000,0x0000000002430000)]
=>0x000000000d549000 JavaThread "AWT-EventQueue-0" [_thread_in_native, id=9284, stack(0x000000000dd50000,0x000000000de50000)]
  0x000000000d744800 JavaThread "AWT-Shutdown" [_thread_blocked, id=4888, stack(0x000000000aa60000,0x000000000ab60000)]
  0x000000000a298800 JavaThread "main-SharedResourceRunner" daemon [_thread_blocked, id=8396, stack(0x000000000f040000,0x000000000f140000)]
  0x000000000a299800 JavaThread "AWT-Windows" daemon [_thread_in_native, id=10660, stack(0x000000000b270000,0x000000000b370000)]
  0x000000000a250000 JavaThread "Java2D Disposer" daemon [_thread_blocked, id=10576, stack(0x000000000af90000,0x000000000b090000)]
  0x00000000087be000 JavaThread "Service Thread" daemon [_thread_blocked, id=10256, stack(0x0000000009ea0000,0x0000000009fa0000)]
  0x00000000087b3000 JavaThread "C2 CompilerThread1" daemon [_thread_blocked, id=10492, stack(0x0000000009d50000,0x0000000009e50000)]
  0x00000000087a9800 JavaThread "C2 CompilerThread0" daemon [_thread_blocked, id=9016, stack(0x0000000009b60000,0x0000000009c60000)]
  0x00000000087a8000 JavaThread "Attach Listener" daemon [_thread_blocked, id=8368, stack(0x00000000099a0000,0x0000000009aa0000)]
  0x00000000087a6800 JavaThread "Signal Dispatcher" daemon [_thread_blocked, id=10708, stack(0x0000000009780000,0x0000000009880000)]
  0x000000000871f800 JavaThread "Finalizer" daemon [_thread_blocked, id=7536, stack(0x00000000095f0000,0x00000000096f0000)]
  0x0000000008716800 JavaThread "Reference Handler" daemon [_thread_blocked, id=10224, stack(0x0000000009410000,0x0000000009510000)]

Other Threads:
  0x0000000008710800 VMThread [stack: 0x0000000009190000,0x0000000009290000] [id=8924]
  0x00000000087c7000 WatcherThread [stack: 0x000000000a040000,0x000000000a140000] [id=11004]

VM state:not at safepoint (normal execution)

VM Mutex/Monitor currently owned by a thread: None

Heap
 PSYoungGen      total 19136K, used 9154K [0x00000000eaab0000, 0x00000000ed010000, 0x0000000100000000)
  eden space 16448K, 40% used [0x00000000eaab0000,0x00000000eb12c2e0,0x00000000ebac0000)
  from space 2688K, 93% used [0x00000000ebd60000,0x00000000ebfd46f8,0x00000000ec000000)
  to   space 2688K, 0% used [0x00000000ebac0000,0x00000000ebac0000,0x00000000ebd60000)
 ParOldGen       total 43712K, used 118K [0x00000000c0000000, 0x00000000c2ab0000, 0x00000000eaab0000)
  object space 43712K, 0% used [0x00000000c0000000,0x00000000c001dbc8,0x00000000c2ab0000)
 PSPermGen       total 21248K, used 15876K [0x00000000bae00000, 0x00000000bc2c0000, 0x00000000c0000000)
  object space 21248K, 74% used [0x00000000bae00000,0x00000000bbd81330,0x00000000bc2c0000)

Card table byte_map: [0x0000000005430000,0x0000000005660000] byte_map_base: 0x0000000004e59000

Polling page: 0x0000000000230000

Code Cache  [0x0000000002430000, 0x00000000026a0000, 0x0000000005430000)
 total_blobs=749 nmethods=55 adapters=645 free_code_cache=48394Kb largest_free_block=49526208

Compilation events (10 events):
Event: 4.168 Thread 0x00000000087a9800   49             java.lang.String::equals (81 bytes)
Event: 4.170 Thread 0x00000000087b3000   50             java.lang.CharacterData::of (120 bytes)
Event: 4.172 Thread 0x00000000087a9800 nmethod 49 0x00000000024ede10 code [0x00000000024edf60, 0x00000000024ee198]
Event: 4.172 Thread 0x00000000087a9800   51             java.lang.CharacterDataLatin1::getProperties (11 bytes)
Event: 4.172 Thread 0x00000000087a9800 nmethod 51 0x00000000024ee2d0 code [0x00000000024ee400, 0x00000000024ee478]
Event: 4.172 Thread 0x00000000087b3000 nmethod 50 0x00000000024ee510 code [0x00000000024ee660, 0x00000000024ee718]
Event: 4.263 Thread 0x00000000087a9800   52             java.nio.Buffer::checkIndex (22 bytes)
Event: 4.263 Thread 0x00000000087a9800 nmethod 52 0x00000000024ec490 code [0x00000000024ec5c0, 0x00000000024ec638]
Event: 4.664 Thread 0x00000000087a9800   53   !         com.jogamp.gluegen.runtime.opengl.GLProcAddressResolver::resolve (54 bytes)
Event: 4.693 Thread 0x00000000087a9800 nmethod 53 0x00000000024f2610 code [0x00000000024f2800, 0x00000000024f3728]

GC Heap History (4 events):
Event: 3.119 GC heap before
{Heap before GC invocations=1 (full 0):
 PSYoungGen      total 19136K, used 16448K [0x00000000eaab0000, 0x00000000ec000000, 0x0000000100000000)
  eden space 16448K, 100% used [0x00000000eaab0000,0x00000000ebac0000,0x00000000ebac0000)
  from space 2688K, 0% used [0x00000000ebd60000,0x00000000ebd60000,0x00000000ec000000)
  to   space 2688K, 0% used [0x00000000ebac0000,0x00000000ebac0000,0x00000000ebd60000)
 ParOldGen       total 43712K, used 0K [0x00000000c0000000, 0x00000000c2ab0000, 0x00000000eaab0000)
  object space 43712K, 0% used [0x00000000c0000000,0x00000000c0000000,0x00000000c2ab0000)
 PSPermGen       total 21248K, used 11619K [0x00000000bae00000, 0x00000000bc2c0000, 0x00000000c0000000)
  object space 21248K, 54% used [0x00000000bae00000,0x00000000bb958d48,0x00000000bc2c0000)
Event: 3.135 GC heap after
Heap after GC invocations=1 (full 0):
 PSYoungGen      total 19136K, used 2677K [0x00000000eaab0000, 0x00000000ec000000, 0x0000000100000000)
  eden space 16448K, 0% used [0x00000000eaab0000,0x00000000eaab0000,0x00000000ebac0000)
  from space 2688K, 99% used [0x00000000ebac0000,0x00000000ebd5d740,0x00000000ebd60000)
  to   space 2688K, 0% used [0x00000000ebd60000,0x00000000ebd60000,0x00000000ec000000)
 ParOldGen       total 43712K, used 118K [0x00000000c0000000, 0x00000000c2ab0000, 0x00000000eaab0000)
  object space 43712K, 0% used [0x00000000c0000000,0x00000000c001dbc8,0x00000000c2ab0000)
 PSPermGen       total 21248K, used 11619K [0x00000000bae00000, 0x00000000bc2c0000, 0x00000000c0000000)
  object space 21248K, 54% used [0x00000000bae00000,0x00000000bb958d48,0x00000000bc2c0000)
}
Event: 3.709 GC heap before
{Heap before GC invocations=2 (full 0):
 PSYoungGen      total 19136K, used 19125K [0x00000000eaab0000, 0x00000000ec000000, 0x0000000100000000)
  eden space 16448K, 100% used [0x00000000eaab0000,0x00000000ebac0000,0x00000000ebac0000)
  from space 2688K, 99% used [0x00000000ebac0000,0x00000000ebd5d740,0x00000000ebd60000)
  to   space 2688K, 0% used [0x00000000ebd60000,0x00000000ebd60000,0x00000000ec000000)
 ParOldGen       total 43712K, used 118K [0x00000000c0000000, 0x00000000c2ab0000, 0x00000000eaab0000)
  object space 43712K, 0% used [0x00000000c0000000,0x00000000c001dbc8,0x00000000c2ab0000)
 PSPermGen       total 21248K, used 13920K [0x00000000bae00000, 0x00000000bc2c0000, 0x00000000c0000000)
  object space 21248K, 65% used [0x00000000bae00000,0x00000000bbb98310,0x00000000bc2c0000)
Event: 3.770 GC heap after
Heap after GC invocations=2 (full 0):
 PSYoungGen      total 19136K, used 2513K [0x00000000eaab0000, 0x00000000ed010000, 0x0000000100000000)
  eden space 16448K, 0% used [0x00000000eaab0000,0x00000000eaab0000,0x00000000ebac0000)
  from space 2688K, 93% used [0x00000000ebd60000,0x00000000ebfd46f8,0x00000000ec000000)
  to   space 2688K, 0% used [0x00000000ebac0000,0x00000000ebac0000,0x00000000ebd60000)
 ParOldGen       total 43712K, used 118K [0x00000000c0000000, 0x00000000c2ab0000, 0x00000000eaab0000)
  object space 43712K, 0% used [0x00000000c0000000,0x00000000c001dbc8,0x00000000c2ab0000)
 PSPermGen       total 21248K, used 13920K [0x00000000bae00000, 0x00000000bc2c0000, 0x00000000c0000000)
  object space 21248K, 65% used [0x00000000bae00000,0x00000000bbb98310,0x00000000bc2c0000)
}

Deoptimization events (7 events):
Event: 1.376 Thread 0x000000000225e000 Uncommon trap -34 fr.pc 0x0000000002497dfc
Event: 3.231 Thread 0x000000000a298800 Uncommon trap -83 fr.pc 0x00000000024dea98
Event: 3.805 Thread 0x000000000225e000 Uncommon trap -12 fr.pc 0x0000000002495da8
Event: 3.808 Thread 0x000000000a299800 Uncommon trap -58 fr.pc 0x00000000024ddb1c
Event: 3.808 Thread 0x000000000a299800 Uncommon trap -58 fr.pc 0x00000000024ddb1c
Event: 3.808 Thread 0x000000000a299800 Uncommon trap -58 fr.pc 0x00000000024ddb1c
Event: 3.808 Thread 0x000000000a299800 Uncommon trap -58 fr.pc 0x00000000024ddb1c

Internal exceptions (10 events):
Event: 4.601 Thread 0x000000000d549000 Threw 0x00000000eab5e138 at C:\jdk7u2_64p\jdk7u21\hotspot\src\share\vm\prims\jvm.cpp:1166
Event: 4.602 Thread 0x000000000d549000 Threw 0x00000000eab61238 at C:\jdk7u2_64p\jdk7u21\hotspot\src\share\vm\prims\jvm.cpp:1166
Event: 4.602 Thread 0x000000000d549000 Threw 0x00000000eab63448 at C:\jdk7u2_64p\jdk7u21\hotspot\src\share\vm\prims\jvm.cpp:1166
Event: 4.744 Thread 0x000000000d549000 Threw 0x00000000eb0f6718 at C:\jdk7u2_64p\jdk7u21\hotspot\src\share\vm\prims\jvm.cpp:1166
Event: 4.745 Thread 0x000000000d549000 Threw 0x00000000eb0f94d0 at C:\jdk7u2_64p\jdk7u21\hotspot\src\share\vm\prims\jvm.cpp:1166
Event: 4.746 Thread 0x000000000d549000 Threw 0x00000000eb0fc8e0 at C:\jdk7u2_64p\jdk7u21\hotspot\src\share\vm\prims\jvm.cpp:1166
Event: 4.776 Thread 0x000000000d549000 Threw 0x00000000eb0ff7d0 at C:\jdk7u2_64p\jdk7u21\hotspot\src\share\vm\prims\jvm.cpp:1166
Event: 4.819 Thread 0x000000000d549000 Threw 0x00000000eb1033e0 at C:\jdk7u2_64p\jdk7u21\hotspot\src\share\vm\interpreter\linkResolver.cpp:805
Event: 4.819 Thread 0x000000000d549000 Threw 0x00000000eb1033e0 at C:\jdk7u2_64p\jdk7u21\hotspot\src\share\vm\prims\jvm.cpp:1170
Event: 4.819 Thread 0x000000000d549000 Threw 0x00000000eb1033e0 at C:\jdk7u2_64p\jdk7u21\hotspot\src\share\vm\prims\jvm.cpp:1170

Events (10 events):
Event: 4.776 loading class 0x00000000087dc530
Event: 4.776 loading class 0x00000000087dc530 done
Event: 4.819 loading class 0x000000000867ebe0
Event: 4.819 loading class 0x000000000867ed20
Event: 4.819 loading class 0x000000000867ed20 done
Event: 4.820 loading class 0x000000000867ebe0 done
Event: 4.820 loading class 0x000000000a2aa7a0
Event: 4.820 loading class 0x000000000a2aa7a0 done
Event: 5.353 Executing VM operation: RevokeBias
Event: 5.354 Executing VM operation: RevokeBias done


Dynamic libraries:
0x000000013ff40000 - 0x000000013ff73000 	C:\Program Files\Java\jdk1.7.0_21\bin\java.exe
0x0000000076d30000 - 0x0000000076ed9000 	C:\Windows\SYSTEM32\ntdll.dll
0x0000000076c10000 - 0x0000000076d2f000 	C:\Windows\system32\kernel32.dll
0x000007fefd280000 - 0x000007fefd2ec000 	C:\Windows\system32\KERNELBASE.dll
0x000007fefedd0000 - 0x000007fefeeab000 	C:\Windows\system32\ADVAPI32.dll
0x000007fefea70000 - 0x000007fefeb0f000 	C:\Windows\system32\msvcrt.dll
0x000007fefe560000 - 0x000007fefe57f000 	C:\Windows\SYSTEM32\sechost.dll
0x000007fefe690000 - 0x000007fefe7bd000 	C:\Windows\system32\RPCRT4.dll
0x00000000769c0000 - 0x0000000076aba000 	C:\Windows\system32\USER32.dll
0x000007fefe450000 - 0x000007fefe4b7000 	C:\Windows\system32\GDI32.dll
0x000007fefedc0000 - 0x000007fefedce000 	C:\Windows\system32\LPK.dll
0x000007fefe580000 - 0x000007fefe649000 	C:\Windows\system32\USP10.dll
0x000007fefb8f0000 - 0x000007fefbae4000 	C:\Windows\WinSxS\amd64_microsoft.windows.common-controls_6595b64144ccf1df_6.0.7601.17514_none_fa396087175ac9ac\COMCTL32.dll
0x000007fefe2f0000 - 0x000007fefe361000 	C:\Windows\system32\SHLWAPI.dll
0x000007fefe650000 - 0x000007fefe67e000 	C:\Windows\system32\IMM32.DLL
0x000007fefeeb0000 - 0x000007fefefb9000 	C:\Windows\system32\MSCTF.dll
0x0000000064920000 - 0x00000000649f1000 	C:\Program Files\Java\jdk1.7.0_21\jre\bin\msvcr100.dll
0x0000000063ba0000 - 0x00000000642c1000 	C:\Program Files\Java\jdk1.7.0_21\jre\bin\server\jvm.dll
0x000007fef86b0000 - 0x000007fef86b9000 	C:\Windows\system32\WSOCK32.dll
0x000007fefea20000 - 0x000007fefea6d000 	C:\Windows\system32\WS2_32.dll
0x000007fefe680000 - 0x000007fefe688000 	C:\Windows\system32\NSI.dll
0x000007fefae30000 - 0x000007fefae6b000 	C:\Windows\system32\WINMM.dll
0x0000000076f00000 - 0x0000000076f07000 	C:\Windows\system32\PSAPI.DLL
0x0000000071d50000 - 0x0000000071d5f000 	C:\Program Files\Java\jdk1.7.0_21\jre\bin\verify.dll
0x0000000066660000 - 0x0000000066688000 	C:\Program Files\Java\jdk1.7.0_21\jre\bin\java.dll
0x0000000067760000 - 0x0000000067775000 	C:\Program Files\Java\jdk1.7.0_21\jre\bin\zip.dll
0x000007fefca60000 - 0x000007fefca77000 	C:\Windows\system32\CRYPTSP.dll
0x000007fefc760000 - 0x000007fefc7a7000 	C:\Windows\system32\rsaenh.dll
0x000007fefc490000 - 0x000007fefc4ae000 	C:\Windows\system32\USERENV.dll
0x000007fefd190000 - 0x000007fefd19f000 	C:\Windows\system32\profapi.dll
0x000007fefd0c0000 - 0x000007fefd0cf000 	C:\Windows\system32\CRYPTBASE.dll
0x0000000066640000 - 0x0000000066659000 	C:\Program Files\Java\jdk1.7.0_21\jre\bin\net.dll
0x000007fefca00000 - 0x000007fefca55000 	C:\Windows\system32\mswsock.dll
0x000007fefc9f0000 - 0x000007fefc9f7000 	C:\Windows\System32\wship6.dll
0x000007fefb0a0000 - 0x000007fefb0b5000 	C:\Windows\system32\NLAapi.dll
0x000007fef8380000 - 0x000007fef8395000 	C:\Windows\system32\napinsp.dll
0x000007fef8360000 - 0x000007fef8379000 	C:\Windows\system32\pnrpnsp.dll
0x000007fef8350000 - 0x000007fef8360000 	C:\Windows\system32\wshbth.dll
0x000007fef8320000 - 0x000007fef834e000 	C:\Program Files\Common Files\Microsoft Shared\Windows Live\WLIDNSP.DLL
0x000007fefc880000 - 0x000007fefc8db000 	C:\Windows\system32\DNSAPI.dll
0x000007fef8310000 - 0x000007fef831b000 	C:\Windows\System32\winrnr.dll
0x000007fefc2e0000 - 0x000007fefc2e7000 	C:\Windows\System32\wshtcpip.dll
0x000007fef9d40000 - 0x000007fef9d67000 	C:\Windows\system32\IPHLPAPI.DLL
0x000007fef9d30000 - 0x000007fef9d3b000 	C:\Windows\system32\WINNSI.DLL
0x000007fef7a40000 - 0x000007fef7a48000 	C:\Windows\system32\rasadhlp.dll
0x000007fef9bc0000 - 0x000007fef9c13000 	C:\Windows\System32\fwpuclnt.dll
0x0000000064900000 - 0x0000000064911000 	C:\Program Files\Java\jdk1.7.0_21\jre\bin\nio.dll
0x00000000637c0000 - 0x00000000637ca000 	C:\Users\gbarbieri\AppData\Local\Temp\jogamp_0000\file_cache\jln6948243407486933621\jln2045162320570862676\gluegen-rt.dll
0x0000000064760000 - 0x00000000648f3000 	C:\Program Files\Java\jdk1.7.0_21\jre\bin\awt.dll
0x000007fefe370000 - 0x000007fefe447000 	C:\Windows\system32\OLEAUT32.dll
0x000007fefeb10000 - 0x000007fefed13000 	C:\Windows\system32\ole32.dll
0x000007fefb840000 - 0x000007fefb896000 	C:\Windows\system32\uxtheme.dll
0x000007fef5640000 - 0x000007fef56bf000 	C:\Program Files\Common Files\microsoft shared\ink\tiptsf.dll
0x000007fefc210000 - 0x000007fefc21c000 	C:\Windows\system32\version.dll
0x000007fefc3f0000 - 0x000007fefc408000 	C:\Windows\system32\dwmapi.dll
0x0000000066e50000 - 0x0000000066e57000 	C:\Program Files\Java\jdk1.7.0_21\jre\bin\jawt.dll
0x000000006a440000 - 0x000000006a44a000 	C:\Users\gbarbieri\AppData\Local\Temp\jogamp_0000\file_cache\jln6948243407486933621\jln2045162320570862676\nativewindow_awt.dll
0x000007fef9910000 - 0x000007fef9b0f000 	C:\Windows\system32\d3d9.dll
0x000007fef9900000 - 0x000007fef9907000 	C:\Windows\system32\d3d8thk.dll
0x000007fee6440000 - 0x000007fee734f000 	C:\Windows\system32\nvd3dumx.dll
0x000007fefbd80000 - 0x000007fefbdac000 	C:\Windows\system32\powrprof.dll
0x000007fefe840000 - 0x000007fefea17000 	C:\Windows\system32\SETUPAPI.dll
0x000007fefd240000 - 0x000007fefd276000 	C:\Windows\system32\CFGMGR32.dll
0x000007fefd4a0000 - 0x000007fefd4ba000 	C:\Windows\system32\DEVOBJ.dll
0x000007fefd560000 - 0x000007fefe2e8000 	C:\Windows\system32\SHELL32.dll
0x000000006c100000 - 0x000000006c10b000 	C:\Users\gbarbieri\AppData\Local\Temp\jogamp_0000\file_cache\jln6948243407486933621\jln2045162320570862676\nativewindow_win32.dll
0x000007fee9e40000 - 0x000007fee9f5d000 	C:\Windows\system32\OpenGL32.dll
0x000007feeb300000 - 0x000007feeb32d000 	C:\Windows\system32\GLU32.dll
0x000007feea230000 - 0x000007feea321000 	C:\Windows\system32\DDRAW.dll
0x000007fef6a10000 - 0x000007fef6a18000 	C:\Windows\system32\DCIMAN32.dll
0x0000000064500000 - 0x0000000064599000 	C:\Users\gbarbieri\AppData\Local\Temp\jogamp_0000\file_cache\jln6948243407486933621\jln2045162320570862676\jogl_desktop.dll
0x0000000059310000 - 0x000000005aad9000 	C:\Windows\system32\nvoglv64.DLL
0x0000000064720000 - 0x000000006475e000 	C:\Program Files\Java\jdk1.7.0_21\jre\bin\fontmanager.dll
0x000007fefe4c0000 - 0x000007fefe559000 	C:\Windows\system32\CLBCatQ.DLL
0x000007fefa330000 - 0x000007fefa384000 	C:\Windows\system32\oleacc.dll
0x000007fef7a50000 - 0x000007fef7b75000 	C:\Windows\system32\dbghelp.dll

VM Arguments:
jvm_args: -Dfile.encoding=UTF-8 -Djogl.debug.DebugGL -Djogl.debug.TraceGL 
java_command: depthPeeling.depthPeelingGL3.DepthPeelingGL3
Launcher Type: SUN_STANDARD

Environment Variables:
PATH=C:\Program Files\NVIDIA GPU Computing Toolkit\CUDA\v4.0\bin\;C:\Program Files (x86)\NVIDIA Corporation\PhysX\Common;C:\Program Files\Common Files\Microsoft Shared\Windows Live;C:\Program Files (x86)\Common Files\Microsoft Shared\Windows Live;C:\Program Files\sdb\programs\bin;C:\Program Files\sdb\programs\pgm;C:\Program Files (x86)\PC Connectivity Solution\;C:\Windows\system32;C:\Windows;C:\Windows\System32\Wbem;C:\Windows\System32\WindowsPowerShell\v1.0\;C:\IFOR\WIN\BIN;C:\IFOR\WIN\BIN\EN_US;C:\Program Files (x86)\Microsoft Visual Studio 10.0\VC\bin;C:\ProgramData\NVIDIA Corporation\NVIDIA GPU Computing SDK 4.0\C\common\bin;C:\Program Files\TortoiseSVN\bin
USERNAME=gbarbieri
OS=Windows_NT
PROCESSOR_IDENTIFIER=Intel64 Family 6 Model 23 Stepping 6, GenuineIntel



---------------  S Y S T E M  ---------------

OS: Windows 7 , 64 bit Build 7601 Service Pack 1

CPU:total 2 (2 cores per cpu, 1 threads per core) family 6 model 23 stepping 6, cmov, cx8, fxsr, mmx, sse, sse2, sse3, ssse3, sse4.1, tsc

Memory: 4k page, physical 4192388k(542076k free), swap 8382916k(1481224k free)

vm_info: Java HotSpot(TM) 64-Bit Server VM (23.21-b01) for windows-amd64 JRE (1.7.0_21-b11), built on Apr  4 2013 08:11:28 by "java_re" with unknown MS VC++:1600

time: Fri Oct 11 09:57:38 2013
elapsed time: 5 seconds

