#
# A fatal error has been detected by the Java Runtime Environment:
#
#  EXCEPTION_ACCESS_VIOLATION (0xc0000005) at pc=0x000000005fa55bdc, pid=4572, tid=5728
#
# JRE version: Java(TM) SE Runtime Environment (7.0_67-b01) (build 1.7.0_67-b01)
# Java VM: Java HotSpot(TM) 64-Bit Server VM (24.65-b04 mixed mode windows-amd64 compressed oops)
# Problematic frame:
# C  [nvoglv64.DLL+0x7c5bdc]
#
# Failed to write core dump. Minidumps are not enabled by default on client versions of Windows
#
# If you would like to submit a bug report, please visit:
#   http://bugreport.sun.com/bugreport/crash.jsp
# The crash happened outside the Java Virtual Machine in native code.
# See problematic frame for where to report the bug.
#

---------------  T H R E A D  ---------------

Current thread (0x0000000013246800):  JavaThread "main-FPSAWTAnimator-Timer0" [_thread_in_native, id=5728, stack(0x0000000018090000,0x0000000018190000)]

siginfo: ExceptionCode=0xc0000005, reading address 0x0000000000000018

Registers:
RAX=0x0000000000000000, RBX=0x0000000000000004, RCX=0x0000000000000000, RDX=0x0000000017c6e980
RSP=0x000000001818ea50, RBP=0x0000000000000000, RSI=0x0000000017c6e980, RDI=0x0000000017c767f0
R8 =0x0000000017c767f0, R9 =0x0000000000000004, R10=0x000000000000000c, R11=0x0000000012550000
R12=0x0000000000000000, R13=0x0000000012550000, R14=0x0000000000000000, R15=0x0000000017c6e980
RIP=0x000000005fa55bdc, EFLAGS=0x0000000000010246

Top of Stack: (sp=0x000000001818ea50)
0x000000001818ea50:   0000000017c767f0 0000000000000004
0x000000001818ea60:   0000000000000097 0000000010e7afc0
0x000000001818ea70:   000000001818eb20 00000014c2b22abc
0x000000001818ea80:   00000000024fbb50 000000006d56f1c1
0x000000001818ea90:   0000000010e7afc0 00000000024fbb50
0x000000001818eaa0:   00000000dfa4789f 00000000024fbb50
0x000000001818eab0:   0000000010e7c300 0000000000000059
0x000000001818eac0:   0000db83db825ac5 0000000010e7c3d8
0x000000001818ead0:   000000006da42168 0000000010fbe160
0x000000001818eae0:   000000080000001a 000000006d676adb
0x000000001818eaf0:   0000000010e7c398 0000000100000009
0x000000001818eb00:   0000000000000008 0000000010e7afc0
0x000000001818eb10:   0000005000000003 0000000010e7c3f0
0x000000001818eb20:   000000006da2eeb0 0000000000000000
0x000000001818eb30:   0000000000000000 0000000000000000
0x000000001818eb40:   0000000000000000 0000000000000000 

Instructions: (pc=0x000000005fa55bdc)
0x000000005fa55bbc:   4c 8b 9c 24 90 01 00 00 41 b9 04 00 00 00 48 63
0x000000005fa55bcc:   47 2c 48 8d 0c 40 48 8b 86 c8 00 00 00 48 03 c9
0x000000005fa55bdc:   4c 8b 54 c8 18 4c 89 54 24 40 4d 85 d2 75 2d b9
0x000000005fa55bec:   02 05 00 00 e8 1b b4 ee ff e8 96 0a ef ff 84 c0 


Register to memory mapping:

RAX=0x0000000000000000 is an unknown value
RBX=0x0000000000000004 is an unknown value
RCX=0x0000000000000000 is an unknown value
RDX=0x0000000017c6e980 is an unknown value
RSP=0x000000001818ea50 is pointing into the stack for thread: 0x0000000013246800
RBP=0x0000000000000000 is an unknown value
RSI=0x0000000017c6e980 is an unknown value
RDI=0x0000000017c767f0 is an unknown value
R8 =0x0000000017c767f0 is an unknown value
R9 =0x0000000000000004 is an unknown value
R10=0x000000000000000c is an unknown value
R11=0x0000000012550000 is pointing into the stack for thread: 0x000000000fc48800
R12=0x0000000000000000 is an unknown value
R13=0x0000000012550000 is pointing into the stack for thread: 0x000000000fc48800
R14=0x0000000000000000 is an unknown value
R15=0x0000000017c6e980 is an unknown value


Stack: [0x0000000018090000,0x0000000018190000],  sp=0x000000001818ea50,  free space=1018k
Native frames: (J=compiled Java code, j=interpreted, Vv=VM code, C=native code)
C  [nvoglv64.DLL+0x7c5bdc]

[error occurred during error reporting (printing native stack), id 0xc0000005]

Java frames: (J=compiled Java code, j=interpreted, Vv=VM code)
j  jogamp.opengl.gl4.GL4bcImpl.dispatch_glUniformMatrix4fv1(IIZLjava/lang/Object;IZJ)V+0
j  jogamp.opengl.gl4.GL4bcImpl.glUniformMatrix4fv(IIZ[FI)V+116
j  javax.media.opengl.DebugGL4bc.glUniformMatrix4fv(IIZ[FI)V+15
j  tut15.manyImages.ManyImages.display(Ljavax/media/opengl/GLAutoDrawable;)V+187
j  jogamp.opengl.GLDrawableHelper.displayImpl(Ljavax/media/opengl/GLAutoDrawable;)V+81
j  jogamp.opengl.GLDrawableHelper.display(Ljavax/media/opengl/GLAutoDrawable;)V+2
j  jogamp.opengl.GLAutoDrawableBase$2.run()V+59
j  jogamp.opengl.GLDrawableHelper.invokeGLImpl(Ljavax/media/opengl/GLDrawable;Ljavax/media/opengl/GLContext;Ljava/lang/Runnable;Ljava/lang/Runnable;)V+206
j  jogamp.opengl.GLDrawableHelper.invokeGL(Ljavax/media/opengl/GLDrawable;Ljavax/media/opengl/GLContext;Ljava/lang/Runnable;Ljava/lang/Runnable;)V+80
j  com.jogamp.newt.opengl.GLWindow.display()V+90
j  com.jogamp.opengl.util.AWTAnimatorImpl.display(Ljava/util/ArrayList;ZZ)V+51
j  com.jogamp.opengl.util.AnimatorBase.display()V+16
j  com.jogamp.opengl.util.FPSAnimator$MainTask.run()V+198
j  java.util.TimerThread.mainLoop()V+221
j  java.util.TimerThread.run()V+1
v  ~StubRoutines::call_stub

---------------  P R O C E S S  ---------------

Java Threads: ( => current thread )
  0x0000000012fe8800 JavaThread "D3D Screen Updater" daemon [_thread_blocked, id=7164, stack(0x0000000015ee0000,0x0000000015fe0000)]
  0x00000000024fe000 JavaThread "DestroyJavaVM" [_thread_blocked, id=6840, stack(0x00000000026d0000,0x00000000027d0000)]
=>0x0000000013246800 JavaThread "main-FPSAWTAnimator-Timer0" [_thread_in_native, id=5728, stack(0x0000000018090000,0x0000000018190000)]
  0x0000000013236000 JavaThread "main-Display-.windows_nil-1-EDT-1" daemon [_thread_blocked, id=4428, stack(0x0000000017e50000,0x0000000017f50000)]
  0x0000000011039800 JavaThread "main-SharedResourceRunner" daemon [_thread_blocked, id=4920, stack(0x0000000017070000,0x0000000017170000)]
  0x0000000012f3f800 JavaThread "AWT-EventQueue-0" [_thread_blocked, id=6356, stack(0x0000000015920000,0x0000000015a20000)]
  0x0000000012f07000 JavaThread "AWT-Windows" daemon [_thread_in_native, id=6316, stack(0x0000000013c90000,0x0000000013d90000)]
  0x0000000012f06000 JavaThread "AWT-Shutdown" [_thread_blocked, id=3040, stack(0x0000000013a80000,0x0000000013b80000)]
  0x0000000012efd000 JavaThread "Java2D Disposer" daemon [_thread_blocked, id=6816, stack(0x0000000013860000,0x0000000013960000)]
  0x0000000010ce9800 JavaThread "Service Thread" daemon [_thread_blocked, id=7052, stack(0x00000000126e0000,0x00000000127e0000)]
  0x000000000fc4f000 JavaThread "C2 CompilerThread1" daemon [_thread_blocked, id=6236, stack(0x00000000122d0000,0x00000000123d0000)]
  0x000000000fc48800 JavaThread "C2 CompilerThread0" daemon [_thread_blocked, id=6864, stack(0x0000000012450000,0x0000000012550000)]
  0x000000000fc43000 JavaThread "Attach Listener" daemon [_thread_blocked, id=5436, stack(0x00000000121b0000,0x00000000122b0000)]
  0x000000000fc42000 JavaThread "Signal Dispatcher" daemon [_thread_blocked, id=6768, stack(0x0000000012030000,0x0000000012130000)]
  0x000000000240e800 JavaThread "Finalizer" daemon [_thread_blocked, id=840, stack(0x0000000011d40000,0x0000000011e40000)]
  0x0000000002407800 JavaThread "Reference Handler" daemon [_thread_blocked, id=7012, stack(0x0000000011ec0000,0x0000000011fc0000)]

Other Threads:
  0x000000000fc2d800 VMThread [stack: 0x0000000011c10000,0x0000000011d10000] [id=4740]
  0x0000000010d02800 WatcherThread [stack: 0x0000000012800000,0x0000000012900000] [id=6572]

VM state:not at safepoint (normal execution)

VM Mutex/Monitor currently owned by a thread: None

Heap
 PSYoungGen      total 76288K, used 37875K [0x00000007ab100000, 0x00000007b0600000, 0x0000000800000000)
  eden space 65536K, 57% used [0x00000007ab100000,0x00000007ad5fccd0,0x00000007af100000)
  from space 10752K, 0% used [0x00000007afb80000,0x00000007afb80000,0x00000007b0600000)
  to   space 10752K, 0% used [0x00000007af100000,0x00000007af100000,0x00000007afb80000)
 ParOldGen       total 173568K, used 0K [0x0000000701400000, 0x000000070bd80000, 0x00000007ab100000)
  object space 173568K, 0% used [0x0000000701400000,0x0000000701400000,0x000000070bd80000)
 PSPermGen       total 21504K, used 16634K [0x00000006fc200000, 0x00000006fd700000, 0x0000000701400000)
  object space 21504K, 77% used [0x00000006fc200000,0x00000006fd23ead0,0x00000006fd700000)

Card table byte_map: [0x00000000057d0000,0x0000000005ff0000] byte_map_base: 0x0000000001fef000

Polling page: 0x0000000002270000

Code Cache  [0x00000000027d0000, 0x0000000002a40000, 0x00000000057d0000)
 total_blobs=790 nmethods=64 adapters=678 free_code_cache=48365Kb largest_free_block=49505280

Compilation events (10 events):
Event: 1.922 Thread 0x000000000fc4f000   60             java.util.Arrays::fill (28 bytes)
Event: 1.923 Thread 0x000000000fc4f000 nmethod 60 0x00000000028966d0 code [0x0000000002896820, 0x0000000002896918]
Event: 1.933 Thread 0x000000000fc48800   61             java.util.ArrayList::rangeCheck (22 bytes)
Event: 1.933 Thread 0x000000000fc4f000   62             java.util.ArrayList::elementData (7 bytes)
Event: 1.933 Thread 0x000000000fc48800 nmethod 61 0x0000000002894490 code [0x00000000028945c0, 0x0000000002894638]
Event: 1.933 Thread 0x000000000fc4f000 nmethod 62 0x0000000002894210 code [0x0000000002894340, 0x00000000028943d8]
Event: 1.939 Thread 0x000000000fc48800   63 %           tut15.manyImages.ManyImages::fillWithColors @ 18 (64 bytes)
Event: 1.941 Thread 0x000000000fc48800 nmethod 63% 0x0000000002893a90 code [0x0000000002893be0, 0x0000000002893eb8]
Event: 1.941 Thread 0x000000000fc4f000   64             tut15.manyImages.ManyImages::fillWithColors (64 bytes)
Event: 1.944 Thread 0x000000000fc4f000 nmethod 64 0x0000000002897a90 code [0x0000000002897be0, 0x0000000002897fb8]

GC Heap History (0 events):
No events

Deoptimization events (3 events):
Event: 0.168 Thread 0x00000000024fe000 Uncommon trap: reason=class_check action=maybe_recompile pc=0x00000000028384fc method=java.util.Properties$LineReader.readLine()I @ 62
Event: 0.837 Thread 0x0000000011039800 Uncommon trap: reason=unreached action=reinterpret pc=0x000000000287d344 method=java.lang.Class.searchFields([Ljava/lang/reflect/Field;Ljava/lang/String;)Ljava/lang/reflect/Field; @ 23
Event: 1.012 Thread 0x00000000024fe000 Uncommon trap: reason=null_check action=make_not_entrant pc=0x000000000283c5e4 method=java.lang.String.equals(Ljava/lang/Object;)Z @ 8

Internal exceptions (10 events):
Event: 1.936 Thread 0x0000000013246800 Threw 0x00000007ad4f88c8 at C:\re\jdk7u67\1368\hotspot\src\share\vm\prims\jvm.cpp:1244
Event: 1.937 Thread 0x0000000013246800 Threw 0x00000007ad4fd1d0 at C:\re\jdk7u67\1368\hotspot\src\share\vm\prims\jvm.cpp:1244
Event: 1.942 Thread 0x0000000013246800 Threw 0x00000007ad510e98 at C:\re\jdk7u67\1368\hotspot\src\share\vm\prims\jvm.cpp:1244
Event: 1.942 Thread 0x0000000013246800 Threw 0x00000007ad514248 at C:\re\jdk7u67\1368\hotspot\src\share\vm\prims\jvm.cpp:1244
Event: 1.943 Thread 0x0000000013246800 Threw 0x00000007ad516650 at C:\re\jdk7u67\1368\hotspot\src\share\vm\prims\jvm.cpp:1244
Event: 1.943 Thread 0x0000000013246800 Threw 0x00000007ad51cbf8 at C:\re\jdk7u67\1368\hotspot\src\share\vm\prims\jvm.cpp:1244
Event: 1.943 Thread 0x0000000013246800 Threw 0x00000007ad51e238 at C:\re\jdk7u67\1368\hotspot\src\share\vm\prims\jvm.cpp:1244
Event: 1.944 Thread 0x0000000013246800 Threw 0x00000007ad520728 at C:\re\jdk7u67\1368\hotspot\src\share\vm\prims\jvm.cpp:1244
Event: 1.944 Thread 0x0000000013246800 Threw 0x00000007ad522458 at C:\re\jdk7u67\1368\hotspot\src\share\vm\prims\jvm.cpp:1244
Event: 1.945 Thread 0x0000000013246800 Threw 0x00000007ad523dd8 at C:\re\jdk7u67\1368\hotspot\src\share\vm\prims\jvm.cpp:1244

Events (10 events):
Event: 1.943 loading class 0x0000000012ffaee0
Event: 1.943 loading class 0x0000000012ffaee0 done
Event: 1.943 loading class 0x0000000012ff9f00
Event: 1.943 loading class 0x0000000012ff9f00 done
Event: 1.944 loading class 0x0000000012ff8ef0
Event: 1.944 loading class 0x0000000012ff8ef0 done
Event: 1.944 loading class 0x0000000010d1f2a0
Event: 1.944 loading class 0x0000000010d1f2a0 done
Event: 1.945 loading class 0x0000000010d06cc0
Event: 1.945 loading class 0x0000000010d06cc0 done


Dynamic libraries:
0x000000013f450000 - 0x000000013f483000 	C:\Program Files\Java\jdk1.7.0_67\bin\java.exe
0x0000000076e90000 - 0x0000000077039000 	C:\Windows\SYSTEM32\ntdll.dll
0x0000000076c70000 - 0x0000000076d8f000 	C:\Windows\system32\kernel32.dll
0x000007fefce90000 - 0x000007fefcefc000 	C:\Windows\system32\KERNELBASE.dll
0x000007fefecf0000 - 0x000007fefedcb000 	C:\Windows\system32\ADVAPI32.dll
0x000007fefe4e0000 - 0x000007fefe57f000 	C:\Windows\system32\msvcrt.dll
0x000007feff000000 - 0x000007feff01f000 	C:\Windows\SYSTEM32\sechost.dll
0x000007fefeed0000 - 0x000007fefeffd000 	C:\Windows\system32\RPCRT4.dll
0x0000000076d90000 - 0x0000000076e8a000 	C:\Windows\system32\USER32.dll
0x000007fefedd0000 - 0x000007fefee37000 	C:\Windows\system32\GDI32.dll
0x000007fefe9d0000 - 0x000007fefe9de000 	C:\Windows\system32\LPK.dll
0x000007fefe6a0000 - 0x000007fefe769000 	C:\Windows\system32\USP10.dll
0x000007fefb410000 - 0x000007fefb604000 	C:\Windows\WinSxS\amd64_microsoft.windows.common-controls_6595b64144ccf1df_6.0.7601.17514_none_fa396087175ac9ac\COMCTL32.dll
0x000007fefe620000 - 0x000007fefe691000 	C:\Windows\system32\SHLWAPI.dll
0x000007fefeea0000 - 0x000007fefeece000 	C:\Windows\system32\IMM32.DLL
0x000007fefe200000 - 0x000007fefe309000 	C:\Windows\system32\MSCTF.dll
0x0000000180000000 - 0x0000000180075000 	C:\Windows\system32\guard64.dll
0x0000000077050000 - 0x0000000077057000 	C:\Windows\system32\PSAPI.DLL
0x000007fefcbf0000 - 0x000007fefcbfc000 	C:\Windows\system32\VERSION.dll
0x000007fefcbe0000 - 0x000007fefcbe9000 	C:\Windows\system32\fltlib.dll
0x00000000714d0000 - 0x00000000715a2000 	C:\Program Files\Java\jdk1.7.0_67\jre\bin\msvcr100.dll
0x000000006d4d0000 - 0x000000006dca2000 	C:\Program Files\Java\jdk1.7.0_67\jre\bin\server\jvm.dll
0x000007fef2b20000 - 0x000007fef2b29000 	C:\Windows\system32\WSOCK32.dll
0x000007fefeca0000 - 0x000007fefeced000 	C:\Windows\system32\WS2_32.dll
0x000007fefe1f0000 - 0x000007fefe1f8000 	C:\Windows\system32\NSI.dll
0x000007fefb770000 - 0x000007fefb7ab000 	C:\Windows\system32\WINMM.dll
0x00000000723d0000 - 0x00000000723df000 	C:\Program Files\Java\jdk1.7.0_67\jre\bin\verify.dll
0x00000000721b0000 - 0x00000000721d8000 	C:\Program Files\Java\jdk1.7.0_67\jre\bin\java.dll
0x00000000723b0000 - 0x00000000723c5000 	C:\Program Files\Java\jdk1.7.0_67\jre\bin\zip.dll
0x000007fefc7b0000 - 0x000007fefc7c7000 	C:\Windows\system32\CRYPTSP.dll
0x000007fefc380000 - 0x000007fefc3c7000 	C:\Windows\system32\rsaenh.dll
0x000007fefc0e0000 - 0x000007fefc0fe000 	C:\Windows\system32\USERENV.dll
0x000007fefcdd0000 - 0x000007fefcddf000 	C:\Windows\system32\profapi.dll
0x000007fefcd00000 - 0x000007fefcd0f000 	C:\Windows\system32\CRYPTBASE.dll
0x0000000072190000 - 0x00000000721a9000 	C:\Program Files\Java\jdk1.7.0_67\jre\bin\net.dll
0x000007fefc580000 - 0x000007fefc5d5000 	C:\Windows\system32\mswsock.dll
0x000007fefc810000 - 0x000007fefc817000 	C:\Windows\System32\wship6.dll
0x000007fefbea0000 - 0x000007fefbec7000 	C:\Windows\system32\IPHLPAPI.DLL
0x000007fefbe90000 - 0x000007fefbe9b000 	C:\Windows\system32\WINNSI.DLL
0x000007fef98e0000 - 0x000007fef98f1000 	C:\Windows\system32\dhcpcsvc6.DLL
0x000007fef98c0000 - 0x000007fef98d8000 	C:\Windows\system32\dhcpcsvc.DLL
0x0000000072170000 - 0x0000000072181000 	C:\Program Files\Java\jdk1.7.0_67\jre\bin\nio.dll
0x00000000637c0000 - 0x00000000637cd000 	C:\Users\gbarbieri\AppData\Local\Temp\jogamp_0000\file_cache\jln4766766070757314921\jln6079287866046085278\gluegen-rt.dll
0x000000006c940000 - 0x000000006cad5000 	C:\Program Files\Java\jdk1.7.0_67\jre\bin\awt.dll
0x000007fefe9e0000 - 0x000007fefeab7000 	C:\Windows\system32\OLEAUT32.dll
0x000007fefd1b0000 - 0x000007fefd3b3000 	C:\Windows\system32\ole32.dll
0x000007fefaf10000 - 0x000007fefaf66000 	C:\Windows\system32\uxtheme.dll
0x000007fefaef0000 - 0x000007fefaf08000 	C:\Windows\system32\dwmapi.dll
0x0000000066990000 - 0x0000000066997000 	C:\Program Files\Java\jdk1.7.0_67\jre\bin\jawt.dll
0x000000006a440000 - 0x000000006a44d000 	C:\Users\gbarbieri\AppData\Local\Temp\jogamp_0000\file_cache\jln4766766070757314921\jln6079287866046085278\nativewindow_awt.dll
0x000007fef54b0000 - 0x000007fef56af000 	C:\Windows\system32\d3d9.dll
0x000007fef54a0000 - 0x000007fef54a7000 	C:\Windows\system32\d3d8thk.dll
0x000007fee6780000 - 0x000007fee7836000 	C:\Windows\system32\nvd3dumx.dll
0x000007fefd3c0000 - 0x000007fefe148000 	C:\Windows\system32\Shell32.dll
0x000007fefa7c0000 - 0x000007fefa7ec000 	C:\Windows\system32\powrprof.dll
0x000007fefeac0000 - 0x000007fefec97000 	C:\Windows\system32\SETUPAPI.dll
0x00000000065a0000 - 0x00000000065d6000 	C:\Windows\system32\CFGMGR32.dll
0x000007fefcfe0000 - 0x000007fefcffa000 	C:\Windows\system32\DEVOBJ.dll
0x000007fee8790000 - 0x000007fee88fa000 	C:\Program Files (x86)\NVIDIA Corporation\3D Vision\nvSCPAPI64.dll
0x000007fef8fb0000 - 0x000007fef92e3000 	C:\Windows\system32\nvapi64.dll
0x000007fefd170000 - 0x000007fefd1aa000 	C:\Windows\system32\WINTRUST.dll
0x000007fefd000000 - 0x000007fefd16c000 	C:\Windows\system32\CRYPT32.dll
0x000007fefce80000 - 0x000007fefce8f000 	C:\Windows\system32\MSASN1.dll
0x000000006c100000 - 0x000000006c10f000 	C:\Users\gbarbieri\AppData\Local\Temp\jogamp_0000\file_cache\jln4766766070757314921\jln6079287866046085278\nativewindow_win32.dll
0x000007fef3e60000 - 0x000007fef3f7d000 	C:\Windows\system32\OpenGL32.dll
0x000007fef9de0000 - 0x000007fef9e0d000 	C:\Windows\system32\GLU32.dll
0x000007fef3d60000 - 0x000007fef3e51000 	C:\Windows\system32\DDRAW.dll
0x000007fefb0c0000 - 0x000007fefb0c8000 	C:\Windows\system32\DCIMAN32.dll
0x0000000064500000 - 0x00000000645a0000 	C:\Users\gbarbieri\AppData\Local\Temp\jogamp_0000\file_cache\jln4766766070757314921\jln6079287866046085278\jogl_desktop.dll
0x000000005f290000 - 0x00000000610d6000 	C:\Windows\system32\nvoglv64.DLL
0x000007fefc070000 - 0x000007fefc081000 	C:\Windows\system32\WTSAPI32.dll
0x000007fefbed0000 - 0x000007fefbefd000 	C:\Windows\system32\ntmarta.dll
0x0000000006920000 - 0x0000000006972000 	C:\Windows\system32\WLDAP32.dll
0x0000000006aa0000 - 0x0000000006add000 	C:\Windows\system32\WINSTA.dll
0x000000006cbc0000 - 0x000000006cbd0000 	C:\Users\gbarbieri\AppData\Local\Temp\jogamp_0000\file_cache\jln4766766070757314921\jln6079287866046085278\newt.dll
0x00000000719e0000 - 0x0000000071a27000 	C:\Program Files\Java\jdk1.7.0_67\jre\bin\fontmanager.dll
0x000007fefbcb0000 - 0x000007fefbdd5000 	C:\Windows\system32\dbghelp.dll

VM Arguments:
jvm_args: -Dfile.encoding=UTF-8 -Djogl.debug.DebugGL 
java_command: tut15.manyImages.ManyImages
Launcher Type: SUN_STANDARD

Environment Variables:
PATH=C:\Windows\system32;C:\Windows;C:\Windows\System32\Wbem;C:\Windows\System32\WindowsPowerShell\v1.0\;C:\Program Files\Microsoft Windows Performance Toolkit\;C:\Program Files (x86)\GNU\GnuPG\pub;C:\Program Files\mingw-builds\x64-4.8.1-win32-sjlj-rev5\mingw64\bin;C:\Program Files\NetBeans 8.0\extide\ant\bin;C:\Program Files\Java\jdk1.7.0_51\jre\bin\server;C:\Program Files\Internet Explorer
USERNAME=gbarbieri
OS=Windows_NT
PROCESSOR_IDENTIFIER=Intel64 Family 6 Model 60 Stepping 3, GenuineIntel



---------------  S Y S T E M  ---------------

OS: Windows 7 , 64 bit Build 7601 Service Pack 1

CPU:total 8 (4 cores per cpu, 2 threads per core) family 6 model 60 stepping 3, cmov, cx8, fxsr, mmx, sse, sse2, sse3, ssse3, sse4.1, sse4.2, popcnt, avx, avx2, aes, erms, ht, tsc, tscinvbit

Memory: 4k page, physical 16694948k(10210772k free), swap 34436608k(26961668k free)

vm_info: Java HotSpot(TM) 64-Bit Server VM (24.65-b04) for windows-amd64 JRE (1.7.0_67-b01), built on Jul 25 2014 08:55:00 by "java_re" with unknown MS VC++:1600

time: Fri Sep 26 16:51:05 2014
elapsed time: 1 seconds

